<?xml version="1.0" encoding="UTF-8"?>
<!-- Generated by org.testng.reporters.JUnitReportReporter -->
<testsuite skipped="0" hostname="IN-MH1DSW101168" name="com.getRequest.GetRequestTest" tests="1" failures="0" timestamp="07 May 2019 14:20:04 GMT" time="1.193" errors="0">
  <testcase name="postRequestTest" time="1.193" classname="com.getRequest.GetRequestTest"/>
</testsuite> <!-- com.getRequest.GetRequestTest -->
